;  LST file generated by mikroListExporter - v.2.0 
; Date/Time: 8/1/2023 6:37:39 AM
;----------------------------------------------

;Address Opcode 	ASM
0x0000	0x28D0      	GOTO       208
_interrupt:
0x0004	0x00FF      	MOVWF      R15
0x0005	0x0E03      	SWAPF      STATUS, 0
0x0006	0x0183      	CLRF       STATUS
0x0007	0x00AF      	MOVWF      ___saveSTATUS
0x0008	0x080A      	MOVF       PCLATH, 0
0x0009	0x00AE      	MOVWF      ___savePCLATH
0x000A	0x018A      	CLRF       PCLATH
0x000B	0x0870      	MOVF       R0, 0
0x000C	0x00A0      	MOVWF      32
;traffic.c,46 :: 		void interrupt(){
;traffic.c,47 :: 		if(INTF_BIT==1){
0x000D	0x1C8B      	BTFSS      INTF_bit, BitPos(INTF_bit+0)
0x000E	0x2818      	GOTO       L_interrupt14
;traffic.c,48 :: 		INTF_BIT=0;
0x000F	0x108B      	BCF        INTF_bit, BitPos(INTF_bit+0)
;traffic.c,49 :: 		counter_flag++;
0x0010	0x0AA1      	INCF       _counter_flag, 1
;traffic.c,50 :: 		flag=1;
0x0011	0x3001      	MOVLW      1
0x0012	0x00A3      	MOVWF      _flag
;traffic.c,51 :: 		if (counter_flag==4) counter_flag=0;
0x0013	0x0821      	MOVF       _counter_flag, 0
0x0014	0x3A04      	XORLW      4
0x0015	0x1D03      	BTFSS      STATUS, 2
0x0016	0x2818      	GOTO       L_interrupt15
0x0017	0x01A1      	CLRF       _counter_flag
L_interrupt15:
;traffic.c,53 :: 		}
L_interrupt14:
;traffic.c,54 :: 		}
L_end_interrupt:
L__interrupt189:
0x0018	0x0820      	MOVF       32, 0
0x0019	0x00F0      	MOVWF      R0
0x001A	0x082E      	MOVF       ___savePCLATH, 0
0x001B	0x008A      	MOVWF      PCLATH
0x001C	0x0E2F      	SWAPF      ___saveSTATUS, 0
0x001D	0x0083      	MOVWF      STATUS
0x001E	0x0EFF      	SWAPF      R15, 1
0x001F	0x0E7F      	SWAPF      R15, 0
0x0020	0x0009      	RETFIE
; end of _interrupt
_color_south:
;traffic.c,14 :: 		void color_south(char c){
;traffic.c,15 :: 		switch(c) {
0x0021	0x2837      	GOTO       L_color_south6
;traffic.c,16 :: 		case 0:portd.B4=0; portd.B5=0;portd.B6=0;
L_color_south8:
0x0022	0x1283      	BCF        STATUS, 5
0x0023	0x1303      	BCF        STATUS, 6
0x0024	0x1208      	BCF        PORTD, 4
0x0025	0x1288      	BCF        PORTD, 5
0x0026	0x1308      	BCF        PORTD, 6
;traffic.c,17 :: 		break;
0x0027	0x2849      	GOTO       L_color_south7
;traffic.c,18 :: 		case 1: portd.B4=1; portd.B5=0; portd.B6=0,west_red=0,south_red=1;
L_color_south9:
0x0028	0x1608      	BSF        PORTD, 4
0x0029	0x1288      	BCF        PORTD, 5
0x002A	0x1308      	BCF        PORTD, 6
0x002B	0x01A7      	CLRF       _west_red
0x002C	0x3001      	MOVLW      1
0x002D	0x00AC      	MOVWF      _south_red
;traffic.c,19 :: 		break;
0x002E	0x2849      	GOTO       L_color_south7
;traffic.c,20 :: 		case 2: portd.B5=1;portd.B4=0;portd.B6=0;
L_color_south10:
0x002F	0x1688      	BSF        PORTD, 5
0x0030	0x1208      	BCF        PORTD, 4
0x0031	0x1308      	BCF        PORTD, 6
;traffic.c,21 :: 		break;
0x0032	0x2849      	GOTO       L_color_south7
;traffic.c,22 :: 		case 3 : portd.B6=1; portd.B4=0;portd.B5=0;
L_color_south11:
0x0033	0x1708      	BSF        PORTD, 6
0x0034	0x1208      	BCF        PORTD, 4
0x0035	0x1288      	BCF        PORTD, 5
;traffic.c,23 :: 		break;
0x0036	0x2849      	GOTO       L_color_south7
;traffic.c,24 :: 		}
L_color_south6:
0x0037	0x1283      	BCF        STATUS, 5
0x0038	0x1303      	BCF        STATUS, 6
0x0039	0x0833      	MOVF       FARG_color_south_c, 0
0x003A	0x3A00      	XORLW      0
0x003B	0x1903      	BTFSC      STATUS, 2
0x003C	0x2822      	GOTO       L_color_south8
0x003D	0x0833      	MOVF       FARG_color_south_c, 0
0x003E	0x3A01      	XORLW      1
0x003F	0x1903      	BTFSC      STATUS, 2
0x0040	0x2828      	GOTO       L_color_south9
0x0041	0x0833      	MOVF       FARG_color_south_c, 0
0x0042	0x3A02      	XORLW      2
0x0043	0x1903      	BTFSC      STATUS, 2
0x0044	0x282F      	GOTO       L_color_south10
0x0045	0x0833      	MOVF       FARG_color_south_c, 0
0x0046	0x3A03      	XORLW      3
0x0047	0x1903      	BTFSC      STATUS, 2
0x0048	0x2833      	GOTO       L_color_south11
L_color_south7:
;traffic.c,25 :: 		}
L_end_color_south:
0x0049	0x0008      	RETURN
; end of _color_south
_____DoICP:
;__Lib_System.c,6 :: 		
;__Lib_System.c,9 :: 		
0x004A	0x1283      	BCF        STATUS, 5
0x004B	0x1303      	BCF        STATUS, 6
0x004C	0x0826      	MOVF       ___DoICPAddr+1, 0
0x004D	0x008A      	MOVWF      PCLATH
;__Lib_System.c,10 :: 		
0x004E	0x0825      	MOVF       ___DoICPAddr, 0
0x004F	0x0082      	MOVWF      PCL
;__Lib_System.c,12 :: 		
L_end_____DoICP:
0x0050	0x0008      	RETURN
; end of _____DoICP
_Div_8X8_U:
;__Lib_Math.c,189 :: 		
;__Lib_Math.c,196 :: 		
0x0051	0x1283      	BCF        STATUS, 5
;__Lib_Math.c,197 :: 		
0x0052	0x1303      	BCF        STATUS, 6
;__Lib_Math.c,198 :: 		
0x0053	0x01F8      	CLRF       R8
;__Lib_Math.c,199 :: 		
0x0054	0x3008      	MOVLW      8
;__Lib_Math.c,200 :: 		
0x0055	0x00FC      	MOVWF      R12
;__Lib_Math.c,201 :: 		
0x0056	0x0D70      	RLF        R0, 0
;__Lib_Math.c,202 :: 		
0x0057	0x0DF8      	RLF        R8, 1
;__Lib_Math.c,203 :: 		
0x0058	0x0874      	MOVF       R4, 0
;__Lib_Math.c,204 :: 		
0x0059	0x02F8      	SUBWF      R8, 1
;__Lib_Math.c,205 :: 		
0x005A	0x1803      	BTFSC      STATUS, 0
;__Lib_Math.c,206 :: 		
0x005B	0x285E      	GOTO       $+3
;__Lib_Math.c,207 :: 		
0x005C	0x07F8      	ADDWF      R8, 1
;__Lib_Math.c,208 :: 		
0x005D	0x1003      	BCF        STATUS, 0
;__Lib_Math.c,209 :: 		
0x005E	0x0DF0      	RLF        R0, 1
;__Lib_Math.c,210 :: 		
0x005F	0x0BFC      	DECFSZ     R12, 1
;__Lib_Math.c,211 :: 		
0x0060	0x2856      	GOTO       $-10
;__Lib_Math.c,213 :: 		
L_end_Div_8X8_U:
0x0061	0x0008      	RETURN
; end of _Div_8X8_U
_color_west:
;traffic.c,2 :: 		void color_west(char c){
;traffic.c,3 :: 		switch(c) {
0x0062	0x2878      	GOTO       L_color_west0
;traffic.c,4 :: 		case 0:portc.B4=0; portc.B5=0;portc.B6=0;
L_color_west2:
0x0063	0x1283      	BCF        STATUS, 5
0x0064	0x1303      	BCF        STATUS, 6
0x0065	0x1207      	BCF        PORTC, 4
0x0066	0x1287      	BCF        PORTC, 5
0x0067	0x1307      	BCF        PORTC, 6
;traffic.c,5 :: 		break;
0x0068	0x288A      	GOTO       L_color_west1
;traffic.c,6 :: 		case 1: portc.B4=1; portc.B5=0;portc.B6=0,west_red=1,south_red=0;
L_color_west3:
0x0069	0x1607      	BSF        PORTC, 4
0x006A	0x1287      	BCF        PORTC, 5
0x006B	0x1307      	BCF        PORTC, 6
0x006C	0x3001      	MOVLW      1
0x006D	0x00A7      	MOVWF      _west_red
0x006E	0x01AC      	CLRF       _south_red
;traffic.c,7 :: 		break;
0x006F	0x288A      	GOTO       L_color_west1
;traffic.c,8 :: 		case 2: portc.B5=1;portc.B4=0;portc.B4=0;
L_color_west4:
0x0070	0x1687      	BSF        PORTC, 5
0x0071	0x1207      	BCF        PORTC, 4
0x0072	0x1207      	BCF        PORTC, 4
;traffic.c,9 :: 		break;
0x0073	0x288A      	GOTO       L_color_west1
;traffic.c,10 :: 		case 3 : portc.B6=1; portc.B4=0;portc.B5=0;
L_color_west5:
0x0074	0x1707      	BSF        PORTC, 6
0x0075	0x1207      	BCF        PORTC, 4
0x0076	0x1287      	BCF        PORTC, 5
;traffic.c,11 :: 		break;
0x0077	0x288A      	GOTO       L_color_west1
;traffic.c,12 :: 		}
L_color_west0:
0x0078	0x1283      	BCF        STATUS, 5
0x0079	0x1303      	BCF        STATUS, 6
0x007A	0x0833      	MOVF       FARG_color_west_c, 0
0x007B	0x3A00      	XORLW      0
0x007C	0x1903      	BTFSC      STATUS, 2
0x007D	0x2863      	GOTO       L_color_west2
0x007E	0x0833      	MOVF       FARG_color_west_c, 0
0x007F	0x3A01      	XORLW      1
0x0080	0x1903      	BTFSC      STATUS, 2
0x0081	0x2869      	GOTO       L_color_west3
0x0082	0x0833      	MOVF       FARG_color_west_c, 0
0x0083	0x3A02      	XORLW      2
0x0084	0x1903      	BTFSC      STATUS, 2
0x0085	0x2870      	GOTO       L_color_west4
0x0086	0x0833      	MOVF       FARG_color_west_c, 0
0x0087	0x3A03      	XORLW      3
0x0088	0x1903      	BTFSC      STATUS, 2
0x0089	0x2874      	GOTO       L_color_west5
L_color_west1:
;traffic.c,13 :: 		}
L_end_color_west:
0x008A	0x0008      	RETURN
; end of _color_west
_traffic:
;traffic.c,26 :: 		void traffic(unsigned char count,char c1,char c2){
;traffic.c,28 :: 		left=count/10;
0x008B	0x300A      	MOVLW      10
0x008C	0x1283      	BCF        STATUS, 5
0x008D	0x1303      	BCF        STATUS, 6
0x008E	0x00F4      	MOVWF      R4
0x008F	0x0830      	MOVF       FARG_traffic_count, 0
0x0090	0x00F0      	MOVWF      R0
0x0091	0x2051      	CALL       _Div_8X8_U
0x0092	0x0870      	MOVF       R0, 0
0x0093	0x00A4      	MOVWF      _left
;traffic.c,29 :: 		right=count%10;
0x0094	0x300A      	MOVLW      10
0x0095	0x00F4      	MOVWF      R4
0x0096	0x0830      	MOVF       FARG_traffic_count, 0
0x0097	0x00F0      	MOVWF      R0
0x0098	0x2051      	CALL       _Div_8X8_U
0x0099	0x0878      	MOVF       R8, 0
0x009A	0x00F0      	MOVWF      R0
0x009B	0x0870      	MOVF       R0, 0
0x009C	0x00A8      	MOVWF      _right
;traffic.c,30 :: 		porta.B2=0;
0x009D	0x1105      	BCF        PORTA, 2
;traffic.c,31 :: 		porta.B3=1;
0x009E	0x1585      	BSF        PORTA, 3
;traffic.c,32 :: 		portc =right ;
0x009F	0x0870      	MOVF       R0, 0
0x00A0	0x0087      	MOVWF      PORTC
;traffic.c,33 :: 		color_west(c1);
0x00A1	0x0831      	MOVF       FARG_traffic_c1, 0
0x00A2	0x00B3      	MOVWF      FARG_color_west_c
0x00A3	0x2062      	CALL       _color_west
;traffic.c,34 :: 		color_south(c2);
0x00A4	0x0832      	MOVF       FARG_traffic_c2, 0
0x00A5	0x00B3      	MOVWF      FARG_color_south_c
0x00A6	0x2021      	CALL       _color_south
;traffic.c,35 :: 		delay_ms(10);
0x00A7	0x301A      	MOVLW      26
0x00A8	0x00FC      	MOVWF      R12
0x00A9	0x30F8      	MOVLW      248
0x00AA	0x00FD      	MOVWF      R13
L_traffic12:
0x00AB	0x0BFD      	DECFSZ     R13, 1
0x00AC	0x28AB      	GOTO       L_traffic12
0x00AD	0x0BFC      	DECFSZ     R12, 1
0x00AE	0x28AB      	GOTO       L_traffic12
0x00AF	0x0000      	NOP
;traffic.c,36 :: 		porta.B2=1;
0x00B0	0x1505      	BSF        PORTA, 2
;traffic.c,37 :: 		porta.B3=0;
0x00B1	0x1185      	BCF        PORTA, 3
;traffic.c,38 :: 		portc=left;
0x00B2	0x0824      	MOVF       _left, 0
0x00B3	0x0087      	MOVWF      PORTC
;traffic.c,39 :: 		color_west(c1);
0x00B4	0x0831      	MOVF       FARG_traffic_c1, 0
0x00B5	0x00B3      	MOVWF      FARG_color_west_c
0x00B6	0x2062      	CALL       _color_west
;traffic.c,40 :: 		color_south(c2);
0x00B7	0x0832      	MOVF       FARG_traffic_c2, 0
0x00B8	0x00B3      	MOVWF      FARG_color_south_c
0x00B9	0x2021      	CALL       _color_south
;traffic.c,41 :: 		delay_ms(10);
0x00BA	0x301A      	MOVLW      26
0x00BB	0x00FC      	MOVWF      R12
0x00BC	0x30F8      	MOVLW      248
0x00BD	0x00FD      	MOVWF      R13
L_traffic13:
0x00BE	0x0BFD      	DECFSZ     R13, 1
0x00BF	0x28BE      	GOTO       L_traffic13
0x00C0	0x0BFC      	DECFSZ     R12, 1
0x00C1	0x28BE      	GOTO       L_traffic13
0x00C2	0x0000      	NOP
;traffic.c,43 :: 		}
L_end_traffic:
0x00C3	0x0008      	RETURN
; end of _traffic
___CC2DW:
;__Lib_System.c,134 :: 		
;__Lib_System.c,137 :: 		
_CC2D_Loop1:
;__Lib_System.c,139 :: 		
0x00C4	0x204A      	CALL       _____DoICP
0x00C5	0x118A      	BCF        PCLATH, 3
0x00C6	0x120A      	BCF        PCLATH, 4
;__Lib_System.c,141 :: 		
0x00C7	0x0080      	MOVWF      INDF
;__Lib_System.c,142 :: 		
0x00C8	0x0A84      	INCF       FSR, 1
;__Lib_System.c,143 :: 		
0x00C9	0x0AA5      	INCF       ___DoICPAddr, 1
;__Lib_System.c,145 :: 		
0x00CA	0x1903      	BTFSC      STATUS, 2
;__Lib_System.c,146 :: 		
0x00CB	0x0AA6      	INCF       ___DoICPAddr+1, 1
;__Lib_System.c,147 :: 		
0x00CC	0x03F0      	DECF       R0, 1
;__Lib_System.c,149 :: 		
0x00CD	0x1D03      	BTFSS      STATUS, 2
;__Lib_System.c,150 :: 		
0x00CE	0x28C4      	GOTO       _CC2D_Loop1
;__Lib_System.c,152 :: 		
L_end___CC2DW:
0x00CF	0x0008      	RETURN
; end of ___CC2DW
_main:
0x00D0	0x1283      	BCF        STATUS, 5
0x00D1	0x1303      	BCF        STATUS, 6
0x00D2	0x01A1      	CLRF       _counter_flag
0x00D3	0x01A2      	CLRF       _count
0x00D4	0x01A3      	CLRF       _flag
;traffic.c,55 :: 		void main() {
;traffic.c,56 :: 		adcon1=7;
0x00D5	0x3007      	MOVLW      7
0x00D6	0x1683      	BSF        STATUS, 5
0x00D7	0x009F      	MOVWF      ADCON1
;traffic.c,57 :: 		trisa=0;
0x00D8	0x0185      	CLRF       TRISA
;traffic.c,58 :: 		porta=0;
0x00D9	0x1283      	BCF        STATUS, 5
0x00DA	0x0185      	CLRF       PORTA
;traffic.c,59 :: 		trisb=1;
0x00DB	0x3001      	MOVLW      1
0x00DC	0x1683      	BSF        STATUS, 5
0x00DD	0x0086      	MOVWF      TRISB
;traffic.c,60 :: 		NOT_RBPU_bit=0;
0x00DE	0x1381      	BCF        NOT_RBPU_bit, BitPos(NOT_RBPU_bit+0)
;traffic.c,61 :: 		GIE_bit=1;
0x00DF	0x178B      	BSF        GIE_bit, BitPos(GIE_bit+0)
;traffic.c,62 :: 		INTE_bit=1;
0x00E0	0x160B      	BSF        INTE_bit, BitPos(INTE_bit+0)
;traffic.c,63 :: 		INTEDG_bit=0;
0x00E1	0x1301      	BCF        INTEDG_bit, BitPos(INTEDG_bit+0)
;traffic.c,64 :: 		trisc=0;
0x00E2	0x0187      	CLRF       TRISC
;traffic.c,65 :: 		portc=0;
0x00E3	0x1283      	BCF        STATUS, 5
0x00E4	0x0187      	CLRF       PORTC
;traffic.c,66 :: 		trisd=0;
0x00E5	0x1683      	BSF        STATUS, 5
0x00E6	0x0188      	CLRF       TRISD
;traffic.c,67 :: 		portd=0;
0x00E7	0x1283      	BCF        STATUS, 5
0x00E8	0x0188      	CLRF       PORTD
;traffic.c,68 :: 		while (1){
L_main16:
;traffic.c,71 :: 		if(portb.b3){
0x00E9	0x1D86      	BTFSS      PORTB, 3
0x00EA	0x2969      	GOTO       L_main18
;traffic.c,72 :: 		for( count=15 ; count>0 ; count--){
0x00EB	0x300F      	MOVLW      15
0x00EC	0x00A2      	MOVWF      _count
L_main19:
0x00ED	0x3080      	MOVLW      128
0x00EE	0x3A00      	XORLW      0
0x00EF	0x00F0      	MOVWF      R0
0x00F0	0x3080      	MOVLW      128
0x00F1	0x0622      	XORWF      _count, 0
0x00F2	0x0270      	SUBWF      R0, 0
0x00F3	0x1803      	BTFSC      STATUS, 0
0x00F4	0x292A      	GOTO       L_main20
;traffic.c,73 :: 		if (portb.b3==0)  break;
0x00F5	0x1986      	BTFSC      PORTB, 3
0x00F6	0x28F8      	GOTO       L_main22
0x00F7	0x292A      	GOTO       L_main20
L_main22:
;traffic.c,74 :: 		if(flag){
0x00F8	0x0823      	MOVF       _flag, 0
0x00F9	0x1903      	BTFSC      STATUS, 2
0x00FA	0x2900      	GOTO       L_main23
;traffic.c,75 :: 		if(south_red)break;
0x00FB	0x082C      	MOVF       _south_red, 0
0x00FC	0x1903      	BTFSC      STATUS, 2
0x00FD	0x28FF      	GOTO       L_main24
0x00FE	0x292A      	GOTO       L_main20
L_main24:
;traffic.c,76 :: 		flag=0;
0x00FF	0x01A3      	CLRF       _flag
;traffic.c,77 :: 		}
L_main23:
;traffic.c,78 :: 		for(i=0;i<30;i++){
0x0100	0x01AD      	CLRF       _i
L_main25:
0x0101	0x3080      	MOVLW      128
0x0102	0x062D      	XORWF      _i, 0
0x0103	0x00F0      	MOVWF      R0
0x0104	0x3080      	MOVLW      128
0x0105	0x3A1E      	XORLW      30
0x0106	0x0270      	SUBWF      R0, 0
0x0107	0x1803      	BTFSC      STATUS, 0
0x0108	0x2928      	GOTO       L_main26
;traffic.c,79 :: 		if (count>3){traffic( count,1,3); south_color=3; }
0x0109	0x3080      	MOVLW      128
0x010A	0x3A03      	XORLW      3
0x010B	0x00F0      	MOVWF      R0
0x010C	0x3080      	MOVLW      128
0x010D	0x0622      	XORWF      _count, 0
0x010E	0x0270      	SUBWF      R0, 0
0x010F	0x1803      	BTFSC      STATUS, 0
0x0110	0x291B      	GOTO       L_main28
0x0111	0x0822      	MOVF       _count, 0
0x0112	0x00B0      	MOVWF      FARG_traffic_count
0x0113	0x3001      	MOVLW      1
0x0114	0x00B1      	MOVWF      FARG_traffic_c1
0x0115	0x3003      	MOVLW      3
0x0116	0x00B2      	MOVWF      FARG_traffic_c2
0x0117	0x208B      	CALL       _traffic
0x0118	0x3003      	MOVLW      3
0x0119	0x00AA      	MOVWF      _south_color
0x011A	0x2926      	GOTO       L_main29
L_main28:
;traffic.c,80 :: 		else {traffic( count,1,2);south_color=2; count_saver=count;}}
0x011B	0x0822      	MOVF       _count, 0
0x011C	0x00B0      	MOVWF      FARG_traffic_count
0x011D	0x3001      	MOVLW      1
0x011E	0x00B1      	MOVWF      FARG_traffic_c1
0x011F	0x3002      	MOVLW      2
0x0120	0x00B2      	MOVWF      FARG_traffic_c2
0x0121	0x208B      	CALL       _traffic
0x0122	0x3002      	MOVLW      2
0x0123	0x00AA      	MOVWF      _south_color
0x0124	0x0822      	MOVF       _count, 0
0x0125	0x00A9      	MOVWF      _count_saver
L_main29:
;traffic.c,78 :: 		for(i=0;i<30;i++){
0x0126	0x0AAD      	INCF       _i, 1
;traffic.c,80 :: 		else {traffic( count,1,2);south_color=2; count_saver=count;}}
0x0127	0x2901      	GOTO       L_main25
L_main26:
;traffic.c,72 :: 		for( count=15 ; count>0 ; count--){
0x0128	0x03A2      	DECF       _count, 1
;traffic.c,81 :: 		}
0x0129	0x28ED      	GOTO       L_main19
L_main20:
;traffic.c,83 :: 		for( count=23; count>0; count--){
0x012A	0x3017      	MOVLW      23
0x012B	0x00A2      	MOVWF      _count
L_main30:
0x012C	0x3080      	MOVLW      128
0x012D	0x3A00      	XORLW      0
0x012E	0x00F0      	MOVWF      R0
0x012F	0x3080      	MOVLW      128
0x0130	0x0622      	XORWF      _count, 0
0x0131	0x0270      	SUBWF      R0, 0
0x0132	0x1803      	BTFSC      STATUS, 0
0x0133	0x2969      	GOTO       L_main31
;traffic.c,84 :: 		if (portb.b3==0)  break;
0x0134	0x1986      	BTFSC      PORTB, 3
0x0135	0x2937      	GOTO       L_main33
0x0136	0x2969      	GOTO       L_main31
L_main33:
;traffic.c,85 :: 		if(flag){
0x0137	0x0823      	MOVF       _flag, 0
0x0138	0x1903      	BTFSC      STATUS, 2
0x0139	0x293F      	GOTO       L_main34
;traffic.c,86 :: 		if(west_red)break;
0x013A	0x0827      	MOVF       _west_red, 0
0x013B	0x1903      	BTFSC      STATUS, 2
0x013C	0x293E      	GOTO       L_main35
0x013D	0x2969      	GOTO       L_main31
L_main35:
;traffic.c,87 :: 		flag=0;
0x013E	0x01A3      	CLRF       _flag
;traffic.c,88 :: 		}
L_main34:
;traffic.c,89 :: 		for(i=0;i<30;i++){
0x013F	0x01AD      	CLRF       _i
L_main36:
0x0140	0x3080      	MOVLW      128
0x0141	0x062D      	XORWF      _i, 0
0x0142	0x00F0      	MOVWF      R0
0x0143	0x3080      	MOVLW      128
0x0144	0x3A1E      	XORLW      30
0x0145	0x0270      	SUBWF      R0, 0
0x0146	0x1803      	BTFSC      STATUS, 0
0x0147	0x2967      	GOTO       L_main37
;traffic.c,90 :: 		if(count>3) {traffic(count,3,1);west_color=3;}
0x0148	0x3080      	MOVLW      128
0x0149	0x3A03      	XORLW      3
0x014A	0x00F0      	MOVWF      R0
0x014B	0x3080      	MOVLW      128
0x014C	0x0622      	XORWF      _count, 0
0x014D	0x0270      	SUBWF      R0, 0
0x014E	0x1803      	BTFSC      STATUS, 0
0x014F	0x295A      	GOTO       L_main39
0x0150	0x0822      	MOVF       _count, 0
0x0151	0x00B0      	MOVWF      FARG_traffic_count
0x0152	0x3003      	MOVLW      3
0x0153	0x00B1      	MOVWF      FARG_traffic_c1
0x0154	0x3001      	MOVLW      1
0x0155	0x00B2      	MOVWF      FARG_traffic_c2
0x0156	0x208B      	CALL       _traffic
0x0157	0x3003      	MOVLW      3
0x0158	0x00AB      	MOVWF      _west_color
0x0159	0x2965      	GOTO       L_main40
L_main39:
;traffic.c,91 :: 		else {traffic( count,2,1);west_color=2;count_saver=count;}}
0x015A	0x0822      	MOVF       _count, 0
0x015B	0x00B0      	MOVWF      FARG_traffic_count
0x015C	0x3002      	MOVLW      2
0x015D	0x00B1      	MOVWF      FARG_traffic_c1
0x015E	0x3001      	MOVLW      1
0x015F	0x00B2      	MOVWF      FARG_traffic_c2
0x0160	0x208B      	CALL       _traffic
0x0161	0x3002      	MOVLW      2
0x0162	0x00AB      	MOVWF      _west_color
0x0163	0x0822      	MOVF       _count, 0
0x0164	0x00A9      	MOVWF      _count_saver
L_main40:
;traffic.c,89 :: 		for(i=0;i<30;i++){
0x0165	0x0AAD      	INCF       _i, 1
;traffic.c,91 :: 		else {traffic( count,2,1);west_color=2;count_saver=count;}}
0x0166	0x2940      	GOTO       L_main36
L_main37:
;traffic.c,83 :: 		for( count=23; count>0; count--){
0x0167	0x03A2      	DECF       _count, 1
;traffic.c,92 :: 		}
0x0168	0x292C      	GOTO       L_main30
L_main31:
;traffic.c,94 :: 		}
L_main18:
;traffic.c,96 :: 		if(!portb.B3){
0x0169	0x1986      	BTFSC      PORTB, 3
0x016A	0x2BFA      	GOTO       L_main41
;traffic.c,98 :: 		if (south_color==3){
0x016B	0x082A      	MOVF       _south_color, 0
0x016C	0x3A03      	XORLW      3
0x016D	0x1D03      	BTFSS      STATUS, 2
0x016E	0x29EE      	GOTO       L_main42
;traffic.c,99 :: 		if(counter_flag==0){
0x016F	0x0821      	MOVF       _counter_flag, 0
0x0170	0x3A00      	XORLW      0
0x0171	0x1D03      	BTFSS      STATUS, 2
0x0172	0x2985      	GOTO       L_main43
;traffic.c,100 :: 		for(i=0;i<100;i++){
0x0173	0x01AD      	CLRF       _i
L_main44:
0x0174	0x3080      	MOVLW      128
0x0175	0x062D      	XORWF      _i, 0
0x0176	0x00F0      	MOVWF      R0
0x0177	0x3080      	MOVLW      128
0x0178	0x3A64      	XORLW      100
0x0179	0x0270      	SUBWF      R0, 0
0x017A	0x1803      	BTFSC      STATUS, 0
0x017B	0x2984      	GOTO       L_main45
;traffic.c,101 :: 		traffic(0,1,3);}}
0x017C	0x01B0      	CLRF       FARG_traffic_count
0x017D	0x3001      	MOVLW      1
0x017E	0x00B1      	MOVWF      FARG_traffic_c1
0x017F	0x3003      	MOVLW      3
0x0180	0x00B2      	MOVWF      FARG_traffic_c2
0x0181	0x208B      	CALL       _traffic
;traffic.c,100 :: 		for(i=0;i<100;i++){
0x0182	0x0AAD      	INCF       _i, 1
;traffic.c,101 :: 		traffic(0,1,3);}}
0x0183	0x2974      	GOTO       L_main44
L_main45:
0x0184	0x29ED      	GOTO       L_main47
L_main43:
;traffic.c,103 :: 		else if (counter_flag==1){
0x0185	0x0821      	MOVF       _counter_flag, 0
0x0186	0x3A01      	XORLW      1
0x0187	0x1D03      	BTFSS      STATUS, 2
0x0188	0x29AD      	GOTO       L_main48
;traffic.c,104 :: 		for(count=3;count>0;count--){
0x0189	0x3003      	MOVLW      3
0x018A	0x00A2      	MOVWF      _count
L_main49:
0x018B	0x3080      	MOVLW      128
0x018C	0x3A00      	XORLW      0
0x018D	0x00F0      	MOVWF      R0
0x018E	0x3080      	MOVLW      128
0x018F	0x0622      	XORWF      _count, 0
0x0190	0x0270      	SUBWF      R0, 0
0x0191	0x1803      	BTFSC      STATUS, 0
0x0192	0x29AA      	GOTO       L_main50
;traffic.c,105 :: 		if(portb.B3==1){break;}
0x0193	0x1D86      	BTFSS      PORTB, 3
0x0194	0x2996      	GOTO       L_main52
0x0195	0x29AA      	GOTO       L_main50
L_main52:
;traffic.c,106 :: 		for(i=0;i<100;i++){
0x0196	0x01AD      	CLRF       _i
L_main53:
0x0197	0x3080      	MOVLW      128
0x0198	0x062D      	XORWF      _i, 0
0x0199	0x00F0      	MOVWF      R0
0x019A	0x3080      	MOVLW      128
0x019B	0x3A64      	XORLW      100
0x019C	0x0270      	SUBWF      R0, 0
0x019D	0x1803      	BTFSC      STATUS, 0
0x019E	0x29A8      	GOTO       L_main54
;traffic.c,107 :: 		traffic(count,1,2);}
0x019F	0x0822      	MOVF       _count, 0
0x01A0	0x00B0      	MOVWF      FARG_traffic_count
0x01A1	0x3001      	MOVLW      1
0x01A2	0x00B1      	MOVWF      FARG_traffic_c1
0x01A3	0x3002      	MOVLW      2
0x01A4	0x00B2      	MOVWF      FARG_traffic_c2
0x01A5	0x208B      	CALL       _traffic
;traffic.c,106 :: 		for(i=0;i<100;i++){
0x01A6	0x0AAD      	INCF       _i, 1
;traffic.c,107 :: 		traffic(count,1,2);}
0x01A7	0x2997      	GOTO       L_main53
L_main54:
;traffic.c,104 :: 		for(count=3;count>0;count--){
0x01A8	0x03A2      	DECF       _count, 1
;traffic.c,108 :: 		} counter_flag=2;}
0x01A9	0x298B      	GOTO       L_main49
L_main50:
0x01AA	0x3002      	MOVLW      2
0x01AB	0x00A1      	MOVWF      _counter_flag
0x01AC	0x29ED      	GOTO       L_main56
L_main48:
;traffic.c,110 :: 		else if (counter_flag==2){
0x01AD	0x0821      	MOVF       _counter_flag, 0
0x01AE	0x3A02      	XORLW      2
0x01AF	0x1D03      	BTFSS      STATUS, 2
0x01B0	0x29C3      	GOTO       L_main57
;traffic.c,111 :: 		for(i=0;i<100;i++){
0x01B1	0x01AD      	CLRF       _i
L_main58:
0x01B2	0x3080      	MOVLW      128
0x01B3	0x062D      	XORWF      _i, 0
0x01B4	0x00F0      	MOVWF      R0
0x01B5	0x3080      	MOVLW      128
0x01B6	0x3A64      	XORLW      100
0x01B7	0x0270      	SUBWF      R0, 0
0x01B8	0x1803      	BTFSC      STATUS, 0
0x01B9	0x29C2      	GOTO       L_main59
;traffic.c,112 :: 		traffic(0,3,1);
0x01BA	0x01B0      	CLRF       FARG_traffic_count
0x01BB	0x3003      	MOVLW      3
0x01BC	0x00B1      	MOVWF      FARG_traffic_c1
0x01BD	0x3001      	MOVLW      1
0x01BE	0x00B2      	MOVWF      FARG_traffic_c2
0x01BF	0x208B      	CALL       _traffic
;traffic.c,111 :: 		for(i=0;i<100;i++){
0x01C0	0x0AAD      	INCF       _i, 1
;traffic.c,113 :: 		}}
0x01C1	0x29B2      	GOTO       L_main58
L_main59:
0x01C2	0x29ED      	GOTO       L_main61
L_main57:
;traffic.c,115 :: 		else if (counter_flag==3){
0x01C3	0x0821      	MOVF       _counter_flag, 0
0x01C4	0x3A03      	XORLW      3
0x01C5	0x1D03      	BTFSS      STATUS, 2
0x01C6	0x29ED      	GOTO       L_main62
;traffic.c,116 :: 		for(count=3;count>0;count--){
0x01C7	0x3003      	MOVLW      3
0x01C8	0x00A2      	MOVWF      _count
L_main63:
0x01C9	0x3080      	MOVLW      128
0x01CA	0x3A00      	XORLW      0
0x01CB	0x00F0      	MOVWF      R0
0x01CC	0x3080      	MOVLW      128
0x01CD	0x0622      	XORWF      _count, 0
0x01CE	0x0270      	SUBWF      R0, 0
0x01CF	0x1803      	BTFSC      STATUS, 0
0x01D0	0x29EC      	GOTO       L_main64
;traffic.c,117 :: 		if(portb.B3==1){ traffic(0,0,0); break;}
0x01D1	0x1D86      	BTFSS      PORTB, 3
0x01D2	0x29D8      	GOTO       L_main66
0x01D3	0x01B0      	CLRF       FARG_traffic_count
0x01D4	0x01B1      	CLRF       FARG_traffic_c1
0x01D5	0x01B2      	CLRF       FARG_traffic_c2
0x01D6	0x208B      	CALL       _traffic
0x01D7	0x29EC      	GOTO       L_main64
L_main66:
;traffic.c,118 :: 		for(i=0;i<100;i++){
0x01D8	0x01AD      	CLRF       _i
L_main67:
0x01D9	0x3080      	MOVLW      128
0x01DA	0x062D      	XORWF      _i, 0
0x01DB	0x00F0      	MOVWF      R0
0x01DC	0x3080      	MOVLW      128
0x01DD	0x3A64      	XORLW      100
0x01DE	0x0270      	SUBWF      R0, 0
0x01DF	0x1803      	BTFSC      STATUS, 0
0x01E0	0x29EA      	GOTO       L_main68
;traffic.c,119 :: 		traffic( count,2,1); }
0x01E1	0x0822      	MOVF       _count, 0
0x01E2	0x00B0      	MOVWF      FARG_traffic_count
0x01E3	0x3002      	MOVLW      2
0x01E4	0x00B1      	MOVWF      FARG_traffic_c1
0x01E5	0x3001      	MOVLW      1
0x01E6	0x00B2      	MOVWF      FARG_traffic_c2
0x01E7	0x208B      	CALL       _traffic
;traffic.c,118 :: 		for(i=0;i<100;i++){
0x01E8	0x0AAD      	INCF       _i, 1
;traffic.c,119 :: 		traffic( count,2,1); }
0x01E9	0x29D9      	GOTO       L_main67
L_main68:
;traffic.c,116 :: 		for(count=3;count>0;count--){
0x01EA	0x03A2      	DECF       _count, 1
;traffic.c,121 :: 		}
0x01EB	0x29C9      	GOTO       L_main63
L_main64:
;traffic.c,122 :: 		counter_flag=0;
0x01EC	0x01A1      	CLRF       _counter_flag
;traffic.c,123 :: 		}}
L_main62:
L_main61:
L_main56:
L_main47:
0x01ED	0x2B74      	GOTO       L_main70
L_main42:
;traffic.c,126 :: 		else if (west_color==3){
0x01EE	0x082B      	MOVF       _west_color, 0
0x01EF	0x3A03      	XORLW      3
0x01F0	0x1D03      	BTFSS      STATUS, 2
0x01F1	0x2A71      	GOTO       L_main71
;traffic.c,127 :: 		if(counter_flag==0){
0x01F2	0x0821      	MOVF       _counter_flag, 0
0x01F3	0x3A00      	XORLW      0
0x01F4	0x1D03      	BTFSS      STATUS, 2
0x01F5	0x2A08      	GOTO       L_main72
;traffic.c,128 :: 		for(i=0;i<100;i++){
0x01F6	0x01AD      	CLRF       _i
L_main73:
0x01F7	0x3080      	MOVLW      128
0x01F8	0x062D      	XORWF      _i, 0
0x01F9	0x00F0      	MOVWF      R0
0x01FA	0x3080      	MOVLW      128
0x01FB	0x3A64      	XORLW      100
0x01FC	0x0270      	SUBWF      R0, 0
0x01FD	0x1803      	BTFSC      STATUS, 0
0x01FE	0x2A07      	GOTO       L_main74
;traffic.c,129 :: 		traffic(0,3,1);}}
0x01FF	0x01B0      	CLRF       FARG_traffic_count
0x0200	0x3003      	MOVLW      3
0x0201	0x00B1      	MOVWF      FARG_traffic_c1
0x0202	0x3001      	MOVLW      1
0x0203	0x00B2      	MOVWF      FARG_traffic_c2
0x0204	0x208B      	CALL       _traffic
;traffic.c,128 :: 		for(i=0;i<100;i++){
0x0205	0x0AAD      	INCF       _i, 1
;traffic.c,129 :: 		traffic(0,3,1);}}
0x0206	0x29F7      	GOTO       L_main73
L_main74:
0x0207	0x2A70      	GOTO       L_main76
L_main72:
;traffic.c,131 :: 		else if (counter_flag==1){
0x0208	0x0821      	MOVF       _counter_flag, 0
0x0209	0x3A01      	XORLW      1
0x020A	0x1D03      	BTFSS      STATUS, 2
0x020B	0x2A30      	GOTO       L_main77
;traffic.c,132 :: 		for(count=3;count>0;count--){
0x020C	0x3003      	MOVLW      3
0x020D	0x00A2      	MOVWF      _count
L_main78:
0x020E	0x3080      	MOVLW      128
0x020F	0x3A00      	XORLW      0
0x0210	0x00F0      	MOVWF      R0
0x0211	0x3080      	MOVLW      128
0x0212	0x0622      	XORWF      _count, 0
0x0213	0x0270      	SUBWF      R0, 0
0x0214	0x1803      	BTFSC      STATUS, 0
0x0215	0x2A2D      	GOTO       L_main79
;traffic.c,133 :: 		if(portb.B3==1){break;}
0x0216	0x1D86      	BTFSS      PORTB, 3
0x0217	0x2A19      	GOTO       L_main81
0x0218	0x2A2D      	GOTO       L_main79
L_main81:
;traffic.c,134 :: 		for(i=0;i<100;i++){
0x0219	0x01AD      	CLRF       _i
L_main82:
0x021A	0x3080      	MOVLW      128
0x021B	0x062D      	XORWF      _i, 0
0x021C	0x00F0      	MOVWF      R0
0x021D	0x3080      	MOVLW      128
0x021E	0x3A64      	XORLW      100
0x021F	0x0270      	SUBWF      R0, 0
0x0220	0x1803      	BTFSC      STATUS, 0
0x0221	0x2A2B      	GOTO       L_main83
;traffic.c,135 :: 		traffic(count,2,1);}
0x0222	0x0822      	MOVF       _count, 0
0x0223	0x00B0      	MOVWF      FARG_traffic_count
0x0224	0x3002      	MOVLW      2
0x0225	0x00B1      	MOVWF      FARG_traffic_c1
0x0226	0x3001      	MOVLW      1
0x0227	0x00B2      	MOVWF      FARG_traffic_c2
0x0228	0x208B      	CALL       _traffic
;traffic.c,134 :: 		for(i=0;i<100;i++){
0x0229	0x0AAD      	INCF       _i, 1
;traffic.c,135 :: 		traffic(count,2,1);}
0x022A	0x2A1A      	GOTO       L_main82
L_main83:
;traffic.c,132 :: 		for(count=3;count>0;count--){
0x022B	0x03A2      	DECF       _count, 1
;traffic.c,136 :: 		} counter_flag=2;}
0x022C	0x2A0E      	GOTO       L_main78
L_main79:
0x022D	0x3002      	MOVLW      2
0x022E	0x00A1      	MOVWF      _counter_flag
0x022F	0x2A70      	GOTO       L_main85
L_main77:
;traffic.c,138 :: 		else if (counter_flag==2){
0x0230	0x0821      	MOVF       _counter_flag, 0
0x0231	0x3A02      	XORLW      2
0x0232	0x1D03      	BTFSS      STATUS, 2
0x0233	0x2A46      	GOTO       L_main86
;traffic.c,139 :: 		for(i=0;i<100;i++){
0x0234	0x01AD      	CLRF       _i
L_main87:
0x0235	0x3080      	MOVLW      128
0x0236	0x062D      	XORWF      _i, 0
0x0237	0x00F0      	MOVWF      R0
0x0238	0x3080      	MOVLW      128
0x0239	0x3A64      	XORLW      100
0x023A	0x0270      	SUBWF      R0, 0
0x023B	0x1803      	BTFSC      STATUS, 0
0x023C	0x2A45      	GOTO       L_main88
;traffic.c,140 :: 		traffic(0,1,3);
0x023D	0x01B0      	CLRF       FARG_traffic_count
0x023E	0x3001      	MOVLW      1
0x023F	0x00B1      	MOVWF      FARG_traffic_c1
0x0240	0x3003      	MOVLW      3
0x0241	0x00B2      	MOVWF      FARG_traffic_c2
0x0242	0x208B      	CALL       _traffic
;traffic.c,139 :: 		for(i=0;i<100;i++){
0x0243	0x0AAD      	INCF       _i, 1
;traffic.c,141 :: 		}}
0x0244	0x2A35      	GOTO       L_main87
L_main88:
0x0245	0x2A70      	GOTO       L_main90
L_main86:
;traffic.c,143 :: 		else if (counter_flag==3){
0x0246	0x0821      	MOVF       _counter_flag, 0
0x0247	0x3A03      	XORLW      3
0x0248	0x1D03      	BTFSS      STATUS, 2
0x0249	0x2A70      	GOTO       L_main91
;traffic.c,144 :: 		for(count=3;count>0;count--){
0x024A	0x3003      	MOVLW      3
0x024B	0x00A2      	MOVWF      _count
L_main92:
0x024C	0x3080      	MOVLW      128
0x024D	0x3A00      	XORLW      0
0x024E	0x00F0      	MOVWF      R0
0x024F	0x3080      	MOVLW      128
0x0250	0x0622      	XORWF      _count, 0
0x0251	0x0270      	SUBWF      R0, 0
0x0252	0x1803      	BTFSC      STATUS, 0
0x0253	0x2A6F      	GOTO       L_main93
;traffic.c,145 :: 		if(portb.B3==1){ traffic(0,0,0); break;}
0x0254	0x1D86      	BTFSS      PORTB, 3
0x0255	0x2A5B      	GOTO       L_main95
0x0256	0x01B0      	CLRF       FARG_traffic_count
0x0257	0x01B1      	CLRF       FARG_traffic_c1
0x0258	0x01B2      	CLRF       FARG_traffic_c2
0x0259	0x208B      	CALL       _traffic
0x025A	0x2A6F      	GOTO       L_main93
L_main95:
;traffic.c,146 :: 		for(i=0;i<100;i++){
0x025B	0x01AD      	CLRF       _i
L_main96:
0x025C	0x3080      	MOVLW      128
0x025D	0x062D      	XORWF      _i, 0
0x025E	0x00F0      	MOVWF      R0
0x025F	0x3080      	MOVLW      128
0x0260	0x3A64      	XORLW      100
0x0261	0x0270      	SUBWF      R0, 0
0x0262	0x1803      	BTFSC      STATUS, 0
0x0263	0x2A6D      	GOTO       L_main97
;traffic.c,147 :: 		traffic( count,3,2); }
0x0264	0x0822      	MOVF       _count, 0
0x0265	0x00B0      	MOVWF      FARG_traffic_count
0x0266	0x3003      	MOVLW      3
0x0267	0x00B1      	MOVWF      FARG_traffic_c1
0x0268	0x3002      	MOVLW      2
0x0269	0x00B2      	MOVWF      FARG_traffic_c2
0x026A	0x208B      	CALL       _traffic
;traffic.c,146 :: 		for(i=0;i<100;i++){
0x026B	0x0AAD      	INCF       _i, 1
;traffic.c,147 :: 		traffic( count,3,2); }
0x026C	0x2A5C      	GOTO       L_main96
L_main97:
;traffic.c,144 :: 		for(count=3;count>0;count--){
0x026D	0x03A2      	DECF       _count, 1
;traffic.c,149 :: 		}
0x026E	0x2A4C      	GOTO       L_main92
L_main93:
;traffic.c,150 :: 		counter_flag=0;
0x026F	0x01A1      	CLRF       _counter_flag
;traffic.c,151 :: 		}}
L_main91:
L_main90:
L_main85:
L_main76:
0x0270	0x2B74      	GOTO       L_main99
L_main71:
;traffic.c,154 :: 		else if (west_color==2){
0x0271	0x082B      	MOVF       _west_color, 0
0x0272	0x3A02      	XORLW      2
0x0273	0x1D03      	BTFSS      STATUS, 2
0x0274	0x2AF3      	GOTO       L_main100
;traffic.c,155 :: 		if(counter_flag==0){
0x0275	0x0821      	MOVF       _counter_flag, 0
0x0276	0x3A00      	XORLW      0
0x0277	0x1D03      	BTFSS      STATUS, 2
0x0278	0x2A9F      	GOTO       L_main101
;traffic.c,156 :: 		for(count=count_saver;count>0;count--){
0x0279	0x0829      	MOVF       _count_saver, 0
0x027A	0x00A2      	MOVWF      _count
L_main102:
0x027B	0x3080      	MOVLW      128
0x027C	0x3A00      	XORLW      0
0x027D	0x00F0      	MOVWF      R0
0x027E	0x3080      	MOVLW      128
0x027F	0x0622      	XORWF      _count, 0
0x0280	0x0270      	SUBWF      R0, 0
0x0281	0x1803      	BTFSC      STATUS, 0
0x0282	0x2A9A      	GOTO       L_main103
;traffic.c,157 :: 		if(portb.B3==1){break;}
0x0283	0x1D86      	BTFSS      PORTB, 3
0x0284	0x2A86      	GOTO       L_main105
0x0285	0x2A9A      	GOTO       L_main103
L_main105:
;traffic.c,158 :: 		for(i=0;i<100;i++){
0x0286	0x01AD      	CLRF       _i
L_main106:
0x0287	0x3080      	MOVLW      128
0x0288	0x062D      	XORWF      _i, 0
0x0289	0x00F0      	MOVWF      R0
0x028A	0x3080      	MOVLW      128
0x028B	0x3A64      	XORLW      100
0x028C	0x0270      	SUBWF      R0, 0
0x028D	0x1803      	BTFSC      STATUS, 0
0x028E	0x2A98      	GOTO       L_main107
;traffic.c,159 :: 		traffic(count,2,1);}} count_saver=3;counter_flag=1;}
0x028F	0x0822      	MOVF       _count, 0
0x0290	0x00B0      	MOVWF      FARG_traffic_count
0x0291	0x3002      	MOVLW      2
0x0292	0x00B1      	MOVWF      FARG_traffic_c1
0x0293	0x3001      	MOVLW      1
0x0294	0x00B2      	MOVWF      FARG_traffic_c2
0x0295	0x208B      	CALL       _traffic
;traffic.c,158 :: 		for(i=0;i<100;i++){
0x0296	0x0AAD      	INCF       _i, 1
;traffic.c,159 :: 		traffic(count,2,1);}} count_saver=3;counter_flag=1;}
0x0297	0x2A87      	GOTO       L_main106
L_main107:
;traffic.c,156 :: 		for(count=count_saver;count>0;count--){
0x0298	0x03A2      	DECF       _count, 1
;traffic.c,159 :: 		traffic(count,2,1);}} count_saver=3;counter_flag=1;}
0x0299	0x2A7B      	GOTO       L_main102
L_main103:
0x029A	0x3003      	MOVLW      3
0x029B	0x00A9      	MOVWF      _count_saver
0x029C	0x3001      	MOVLW      1
0x029D	0x00A1      	MOVWF      _counter_flag
0x029E	0x2AF2      	GOTO       L_main109
L_main101:
;traffic.c,161 :: 		else if (counter_flag==1){
0x029F	0x0821      	MOVF       _counter_flag, 0
0x02A0	0x3A01      	XORLW      1
0x02A1	0x1D03      	BTFSS      STATUS, 2
0x02A2	0x2AB5      	GOTO       L_main110
;traffic.c,162 :: 		for(i=0;i<100;i++){
0x02A3	0x01AD      	CLRF       _i
L_main111:
0x02A4	0x3080      	MOVLW      128
0x02A5	0x062D      	XORWF      _i, 0
0x02A6	0x00F0      	MOVWF      R0
0x02A7	0x3080      	MOVLW      128
0x02A8	0x3A64      	XORLW      100
0x02A9	0x0270      	SUBWF      R0, 0
0x02AA	0x1803      	BTFSC      STATUS, 0
0x02AB	0x2AB4      	GOTO       L_main112
;traffic.c,163 :: 		traffic(0,1,3);}}
0x02AC	0x01B0      	CLRF       FARG_traffic_count
0x02AD	0x3001      	MOVLW      1
0x02AE	0x00B1      	MOVWF      FARG_traffic_c1
0x02AF	0x3003      	MOVLW      3
0x02B0	0x00B2      	MOVWF      FARG_traffic_c2
0x02B1	0x208B      	CALL       _traffic
;traffic.c,162 :: 		for(i=0;i<100;i++){
0x02B2	0x0AAD      	INCF       _i, 1
;traffic.c,163 :: 		traffic(0,1,3);}}
0x02B3	0x2AA4      	GOTO       L_main111
L_main112:
0x02B4	0x2AF2      	GOTO       L_main114
L_main110:
;traffic.c,165 :: 		else if (counter_flag==2){
0x02B5	0x0821      	MOVF       _counter_flag, 0
0x02B6	0x3A02      	XORLW      2
0x02B7	0x1D03      	BTFSS      STATUS, 2
0x02B8	0x2ADD      	GOTO       L_main115
;traffic.c,166 :: 		for(count=3;count>0;count--){
0x02B9	0x3003      	MOVLW      3
0x02BA	0x00A2      	MOVWF      _count
L_main116:
0x02BB	0x3080      	MOVLW      128
0x02BC	0x3A00      	XORLW      0
0x02BD	0x00F0      	MOVWF      R0
0x02BE	0x3080      	MOVLW      128
0x02BF	0x0622      	XORWF      _count, 0
0x02C0	0x0270      	SUBWF      R0, 0
0x02C1	0x1803      	BTFSC      STATUS, 0
0x02C2	0x2ADA      	GOTO       L_main117
;traffic.c,167 :: 		if(portb.B3==1){break;}
0x02C3	0x1D86      	BTFSS      PORTB, 3
0x02C4	0x2AC6      	GOTO       L_main119
0x02C5	0x2ADA      	GOTO       L_main117
L_main119:
;traffic.c,168 :: 		for(i=0;i<100;i++){
0x02C6	0x01AD      	CLRF       _i
L_main120:
0x02C7	0x3080      	MOVLW      128
0x02C8	0x062D      	XORWF      _i, 0
0x02C9	0x00F0      	MOVWF      R0
0x02CA	0x3080      	MOVLW      128
0x02CB	0x3A64      	XORLW      100
0x02CC	0x0270      	SUBWF      R0, 0
0x02CD	0x1803      	BTFSC      STATUS, 0
0x02CE	0x2AD8      	GOTO       L_main121
;traffic.c,169 :: 		traffic( count,1,2); }}counter_flag=3;}
0x02CF	0x0822      	MOVF       _count, 0
0x02D0	0x00B0      	MOVWF      FARG_traffic_count
0x02D1	0x3001      	MOVLW      1
0x02D2	0x00B1      	MOVWF      FARG_traffic_c1
0x02D3	0x3002      	MOVLW      2
0x02D4	0x00B2      	MOVWF      FARG_traffic_c2
0x02D5	0x208B      	CALL       _traffic
;traffic.c,168 :: 		for(i=0;i<100;i++){
0x02D6	0x0AAD      	INCF       _i, 1
;traffic.c,169 :: 		traffic( count,1,2); }}counter_flag=3;}
0x02D7	0x2AC7      	GOTO       L_main120
L_main121:
;traffic.c,166 :: 		for(count=3;count>0;count--){
0x02D8	0x03A2      	DECF       _count, 1
;traffic.c,169 :: 		traffic( count,1,2); }}counter_flag=3;}
0x02D9	0x2ABB      	GOTO       L_main116
L_main117:
0x02DA	0x3003      	MOVLW      3
0x02DB	0x00A1      	MOVWF      _counter_flag
0x02DC	0x2AF2      	GOTO       L_main123
L_main115:
;traffic.c,171 :: 		else if (counter_flag==3){
0x02DD	0x0821      	MOVF       _counter_flag, 0
0x02DE	0x3A03      	XORLW      3
0x02DF	0x1D03      	BTFSS      STATUS, 2
0x02E0	0x2AF2      	GOTO       L_main124
;traffic.c,172 :: 		for(i=0;i<100;i++){
0x02E1	0x01AD      	CLRF       _i
L_main125:
0x02E2	0x3080      	MOVLW      128
0x02E3	0x062D      	XORWF      _i, 0
0x02E4	0x00F0      	MOVWF      R0
0x02E5	0x3080      	MOVLW      128
0x02E6	0x3A64      	XORLW      100
0x02E7	0x0270      	SUBWF      R0, 0
0x02E8	0x1803      	BTFSC      STATUS, 0
0x02E9	0x2AF2      	GOTO       L_main126
;traffic.c,173 :: 		traffic( 0,3,1); }}
0x02EA	0x01B0      	CLRF       FARG_traffic_count
0x02EB	0x3003      	MOVLW      3
0x02EC	0x00B1      	MOVWF      FARG_traffic_c1
0x02ED	0x3001      	MOVLW      1
0x02EE	0x00B2      	MOVWF      FARG_traffic_c2
0x02EF	0x208B      	CALL       _traffic
;traffic.c,172 :: 		for(i=0;i<100;i++){
0x02F0	0x0AAD      	INCF       _i, 1
;traffic.c,173 :: 		traffic( 0,3,1); }}
0x02F1	0x2AE2      	GOTO       L_main125
L_main126:
L_main124:
L_main123:
L_main114:
L_main109:
;traffic.c,174 :: 		}
0x02F2	0x2B74      	GOTO       L_main128
L_main100:
;traffic.c,177 :: 		else if (south_color==2){
0x02F3	0x082A      	MOVF       _south_color, 0
0x02F4	0x3A02      	XORLW      2
0x02F5	0x1D03      	BTFSS      STATUS, 2
0x02F6	0x2B74      	GOTO       L_main129
;traffic.c,178 :: 		if(counter_flag==0){
0x02F7	0x0821      	MOVF       _counter_flag, 0
0x02F8	0x3A00      	XORLW      0
0x02F9	0x1D03      	BTFSS      STATUS, 2
0x02FA	0x2B21      	GOTO       L_main130
;traffic.c,179 :: 		for(count=count_saver;count>0;count--){
0x02FB	0x0829      	MOVF       _count_saver, 0
0x02FC	0x00A2      	MOVWF      _count
L_main131:
0x02FD	0x3080      	MOVLW      128
0x02FE	0x3A00      	XORLW      0
0x02FF	0x00F0      	MOVWF      R0
0x0300	0x3080      	MOVLW      128
0x0301	0x0622      	XORWF      _count, 0
0x0302	0x0270      	SUBWF      R0, 0
0x0303	0x1803      	BTFSC      STATUS, 0
0x0304	0x2B1C      	GOTO       L_main132
;traffic.c,180 :: 		if(portb.B3==1){break;}
0x0305	0x1D86      	BTFSS      PORTB, 3
0x0306	0x2B08      	GOTO       L_main134
0x0307	0x2B1C      	GOTO       L_main132
L_main134:
;traffic.c,181 :: 		for(i=0;i<100;i++){
0x0308	0x01AD      	CLRF       _i
L_main135:
0x0309	0x3080      	MOVLW      128
0x030A	0x062D      	XORWF      _i, 0
0x030B	0x00F0      	MOVWF      R0
0x030C	0x3080      	MOVLW      128
0x030D	0x3A64      	XORLW      100
0x030E	0x0270      	SUBWF      R0, 0
0x030F	0x1803      	BTFSC      STATUS, 0
0x0310	0x2B1A      	GOTO       L_main136
;traffic.c,182 :: 		traffic(count,1,2);}} count_saver=3; counter_flag=1;}
0x0311	0x0822      	MOVF       _count, 0
0x0312	0x00B0      	MOVWF      FARG_traffic_count
0x0313	0x3001      	MOVLW      1
0x0314	0x00B1      	MOVWF      FARG_traffic_c1
0x0315	0x3002      	MOVLW      2
0x0316	0x00B2      	MOVWF      FARG_traffic_c2
0x0317	0x208B      	CALL       _traffic
;traffic.c,181 :: 		for(i=0;i<100;i++){
0x0318	0x0AAD      	INCF       _i, 1
;traffic.c,182 :: 		traffic(count,1,2);}} count_saver=3; counter_flag=1;}
0x0319	0x2B09      	GOTO       L_main135
L_main136:
;traffic.c,179 :: 		for(count=count_saver;count>0;count--){
0x031A	0x03A2      	DECF       _count, 1
;traffic.c,182 :: 		traffic(count,1,2);}} count_saver=3; counter_flag=1;}
0x031B	0x2AFD      	GOTO       L_main131
L_main132:
0x031C	0x3003      	MOVLW      3
0x031D	0x00A9      	MOVWF      _count_saver
0x031E	0x3001      	MOVLW      1
0x031F	0x00A1      	MOVWF      _counter_flag
0x0320	0x2B74      	GOTO       L_main138
L_main130:
;traffic.c,184 :: 		else if (counter_flag==1){
0x0321	0x0821      	MOVF       _counter_flag, 0
0x0322	0x3A01      	XORLW      1
0x0323	0x1D03      	BTFSS      STATUS, 2
0x0324	0x2B37      	GOTO       L_main139
;traffic.c,185 :: 		for(i=0;i<100;i++){
0x0325	0x01AD      	CLRF       _i
L_main140:
0x0326	0x3080      	MOVLW      128
0x0327	0x062D      	XORWF      _i, 0
0x0328	0x00F0      	MOVWF      R0
0x0329	0x3080      	MOVLW      128
0x032A	0x3A64      	XORLW      100
0x032B	0x0270      	SUBWF      R0, 0
0x032C	0x1803      	BTFSC      STATUS, 0
0x032D	0x2B36      	GOTO       L_main141
;traffic.c,186 :: 		traffic(0,3,1);}}
0x032E	0x01B0      	CLRF       FARG_traffic_count
0x032F	0x3003      	MOVLW      3
0x0330	0x00B1      	MOVWF      FARG_traffic_c1
0x0331	0x3001      	MOVLW      1
0x0332	0x00B2      	MOVWF      FARG_traffic_c2
0x0333	0x208B      	CALL       _traffic
;traffic.c,185 :: 		for(i=0;i<100;i++){
0x0334	0x0AAD      	INCF       _i, 1
;traffic.c,186 :: 		traffic(0,3,1);}}
0x0335	0x2B26      	GOTO       L_main140
L_main141:
0x0336	0x2B74      	GOTO       L_main143
L_main139:
;traffic.c,188 :: 		else if (counter_flag==2){
0x0337	0x0821      	MOVF       _counter_flag, 0
0x0338	0x3A02      	XORLW      2
0x0339	0x1D03      	BTFSS      STATUS, 2
0x033A	0x2B5F      	GOTO       L_main144
;traffic.c,189 :: 		for(count=3;count>0;count--){
0x033B	0x3003      	MOVLW      3
0x033C	0x00A2      	MOVWF      _count
L_main145:
0x033D	0x3080      	MOVLW      128
0x033E	0x3A00      	XORLW      0
0x033F	0x00F0      	MOVWF      R0
0x0340	0x3080      	MOVLW      128
0x0341	0x0622      	XORWF      _count, 0
0x0342	0x0270      	SUBWF      R0, 0
0x0343	0x1803      	BTFSC      STATUS, 0
0x0344	0x2B5C      	GOTO       L_main146
;traffic.c,190 :: 		if(portb.B3==1){break;}
0x0345	0x1D86      	BTFSS      PORTB, 3
0x0346	0x2B48      	GOTO       L_main148
0x0347	0x2B5C      	GOTO       L_main146
L_main148:
;traffic.c,191 :: 		for(i=0;i<100;i++){
0x0348	0x01AD      	CLRF       _i
L_main149:
0x0349	0x3080      	MOVLW      128
0x034A	0x062D      	XORWF      _i, 0
0x034B	0x00F0      	MOVWF      R0
0x034C	0x3080      	MOVLW      128
0x034D	0x3A64      	XORLW      100
0x034E	0x0270      	SUBWF      R0, 0
0x034F	0x1803      	BTFSC      STATUS, 0
0x0350	0x2B5A      	GOTO       L_main150
;traffic.c,192 :: 		traffic( count,2,1); }}counter_flag=3;}
0x0351	0x0822      	MOVF       _count, 0
0x0352	0x00B0      	MOVWF      FARG_traffic_count
0x0353	0x3002      	MOVLW      2
0x0354	0x00B1      	MOVWF      FARG_traffic_c1
0x0355	0x3001      	MOVLW      1
0x0356	0x00B2      	MOVWF      FARG_traffic_c2
0x0357	0x208B      	CALL       _traffic
;traffic.c,191 :: 		for(i=0;i<100;i++){
0x0358	0x0AAD      	INCF       _i, 1
;traffic.c,192 :: 		traffic( count,2,1); }}counter_flag=3;}
0x0359	0x2B49      	GOTO       L_main149
L_main150:
;traffic.c,189 :: 		for(count=3;count>0;count--){
0x035A	0x03A2      	DECF       _count, 1
;traffic.c,192 :: 		traffic( count,2,1); }}counter_flag=3;}
0x035B	0x2B3D      	GOTO       L_main145
L_main146:
0x035C	0x3003      	MOVLW      3
0x035D	0x00A1      	MOVWF      _counter_flag
0x035E	0x2B74      	GOTO       L_main152
L_main144:
;traffic.c,194 :: 		else if (counter_flag==3){
0x035F	0x0821      	MOVF       _counter_flag, 0
0x0360	0x3A03      	XORLW      3
0x0361	0x1D03      	BTFSS      STATUS, 2
0x0362	0x2B74      	GOTO       L_main153
;traffic.c,195 :: 		for(i=0;i<100;i++){
0x0363	0x01AD      	CLRF       _i
L_main154:
0x0364	0x3080      	MOVLW      128
0x0365	0x062D      	XORWF      _i, 0
0x0366	0x00F0      	MOVWF      R0
0x0367	0x3080      	MOVLW      128
0x0368	0x3A64      	XORLW      100
0x0369	0x0270      	SUBWF      R0, 0
0x036A	0x1803      	BTFSC      STATUS, 0
0x036B	0x2B74      	GOTO       L_main155
;traffic.c,196 :: 		traffic( 0,1,3); }}
0x036C	0x01B0      	CLRF       FARG_traffic_count
0x036D	0x3001      	MOVLW      1
0x036E	0x00B1      	MOVWF      FARG_traffic_c1
0x036F	0x3003      	MOVLW      3
0x0370	0x00B2      	MOVWF      FARG_traffic_c2
0x0371	0x208B      	CALL       _traffic
;traffic.c,195 :: 		for(i=0;i<100;i++){
0x0372	0x0AAD      	INCF       _i, 1
;traffic.c,196 :: 		traffic( 0,1,3); }}
0x0373	0x2B64      	GOTO       L_main154
L_main155:
L_main153:
L_main152:
L_main143:
L_main138:
;traffic.c,197 :: 		}
L_main129:
L_main128:
L_main99:
L_main70:
;traffic.c,200 :: 		if (west_color==0){
0x0374	0x082B      	MOVF       _west_color, 0
0x0375	0x3A00      	XORLW      0
0x0376	0x1D03      	BTFSS      STATUS, 2
0x0377	0x2BFA      	GOTO       L_main157
;traffic.c,201 :: 		if (counter_flag==0){
0x0378	0x0821      	MOVF       _counter_flag, 0
0x0379	0x3A00      	XORLW      0
0x037A	0x1D03      	BTFSS      STATUS, 2
0x037B	0x2B8E      	GOTO       L_main158
;traffic.c,202 :: 		for(i=0;i<100;i++){
0x037C	0x01AD      	CLRF       _i
L_main159:
0x037D	0x3080      	MOVLW      128
0x037E	0x062D      	XORWF      _i, 0
0x037F	0x00F0      	MOVWF      R0
0x0380	0x3080      	MOVLW      128
0x0381	0x3A64      	XORLW      100
0x0382	0x0270      	SUBWF      R0, 0
0x0383	0x1803      	BTFSC      STATUS, 0
0x0384	0x2B8D      	GOTO       L_main160
;traffic.c,203 :: 		traffic(0,1,3);
0x0385	0x01B0      	CLRF       FARG_traffic_count
0x0386	0x3001      	MOVLW      1
0x0387	0x00B1      	MOVWF      FARG_traffic_c1
0x0388	0x3003      	MOVLW      3
0x0389	0x00B2      	MOVWF      FARG_traffic_c2
0x038A	0x208B      	CALL       _traffic
;traffic.c,202 :: 		for(i=0;i<100;i++){
0x038B	0x0AAD      	INCF       _i, 1
;traffic.c,204 :: 		}}
0x038C	0x2B7D      	GOTO       L_main159
L_main160:
0x038D	0x2BFA      	GOTO       L_main162
L_main158:
;traffic.c,205 :: 		else if (counter_flag==1){
0x038E	0x0821      	MOVF       _counter_flag, 0
0x038F	0x3A01      	XORLW      1
0x0390	0x1D03      	BTFSS      STATUS, 2
0x0391	0x2BBA      	GOTO       L_main163
;traffic.c,206 :: 		for(count=3;count>0;count--){
0x0392	0x3003      	MOVLW      3
0x0393	0x00A2      	MOVWF      _count
L_main164:
0x0394	0x3080      	MOVLW      128
0x0395	0x3A00      	XORLW      0
0x0396	0x00F0      	MOVWF      R0
0x0397	0x3080      	MOVLW      128
0x0398	0x0622      	XORWF      _count, 0
0x0399	0x0270      	SUBWF      R0, 0
0x039A	0x1803      	BTFSC      STATUS, 0
0x039B	0x2BB7      	GOTO       L_main165
;traffic.c,207 :: 		if(portb.B3==1){ traffic(0,0,0); break;}
0x039C	0x1D86      	BTFSS      PORTB, 3
0x039D	0x2BA3      	GOTO       L_main167
0x039E	0x01B0      	CLRF       FARG_traffic_count
0x039F	0x01B1      	CLRF       FARG_traffic_c1
0x03A0	0x01B2      	CLRF       FARG_traffic_c2
0x03A1	0x208B      	CALL       _traffic
0x03A2	0x2BB7      	GOTO       L_main165
L_main167:
;traffic.c,208 :: 		for(i=0;i<100;i++){
0x03A3	0x01AD      	CLRF       _i
L_main168:
0x03A4	0x3080      	MOVLW      128
0x03A5	0x062D      	XORWF      _i, 0
0x03A6	0x00F0      	MOVWF      R0
0x03A7	0x3080      	MOVLW      128
0x03A8	0x3A64      	XORLW      100
0x03A9	0x0270      	SUBWF      R0, 0
0x03AA	0x1803      	BTFSC      STATUS, 0
0x03AB	0x2BB5      	GOTO       L_main169
;traffic.c,209 :: 		traffic(count,1,2);}
0x03AC	0x0822      	MOVF       _count, 0
0x03AD	0x00B0      	MOVWF      FARG_traffic_count
0x03AE	0x3001      	MOVLW      1
0x03AF	0x00B1      	MOVWF      FARG_traffic_c1
0x03B0	0x3002      	MOVLW      2
0x03B1	0x00B2      	MOVWF      FARG_traffic_c2
0x03B2	0x208B      	CALL       _traffic
;traffic.c,208 :: 		for(i=0;i<100;i++){
0x03B3	0x0AAD      	INCF       _i, 1
;traffic.c,209 :: 		traffic(count,1,2);}
0x03B4	0x2BA4      	GOTO       L_main168
L_main169:
;traffic.c,206 :: 		for(count=3;count>0;count--){
0x03B5	0x03A2      	DECF       _count, 1
;traffic.c,210 :: 		} counter_flag=2;}
0x03B6	0x2B94      	GOTO       L_main164
L_main165:
0x03B7	0x3002      	MOVLW      2
0x03B8	0x00A1      	MOVWF      _counter_flag
0x03B9	0x2BFA      	GOTO       L_main171
L_main163:
;traffic.c,212 :: 		else if (counter_flag==2){
0x03BA	0x0821      	MOVF       _counter_flag, 0
0x03BB	0x3A02      	XORLW      2
0x03BC	0x1D03      	BTFSS      STATUS, 2
0x03BD	0x2BD0      	GOTO       L_main172
;traffic.c,213 :: 		for(i=0;i<100;i++){
0x03BE	0x01AD      	CLRF       _i
L_main173:
0x03BF	0x3080      	MOVLW      128
0x03C0	0x062D      	XORWF      _i, 0
0x03C1	0x00F0      	MOVWF      R0
0x03C2	0x3080      	MOVLW      128
0x03C3	0x3A64      	XORLW      100
0x03C4	0x0270      	SUBWF      R0, 0
0x03C5	0x1803      	BTFSC      STATUS, 0
0x03C6	0x2BCF      	GOTO       L_main174
;traffic.c,214 :: 		traffic(0,3,1);
0x03C7	0x01B0      	CLRF       FARG_traffic_count
0x03C8	0x3003      	MOVLW      3
0x03C9	0x00B1      	MOVWF      FARG_traffic_c1
0x03CA	0x3001      	MOVLW      1
0x03CB	0x00B2      	MOVWF      FARG_traffic_c2
0x03CC	0x208B      	CALL       _traffic
;traffic.c,213 :: 		for(i=0;i<100;i++){
0x03CD	0x0AAD      	INCF       _i, 1
;traffic.c,215 :: 		}}
0x03CE	0x2BBF      	GOTO       L_main173
L_main174:
0x03CF	0x2BFA      	GOTO       L_main176
L_main172:
;traffic.c,217 :: 		else  if(counter_flag==3){
0x03D0	0x0821      	MOVF       _counter_flag, 0
0x03D1	0x3A03      	XORLW      3
0x03D2	0x1D03      	BTFSS      STATUS, 2
0x03D3	0x2BFA      	GOTO       L_main177
;traffic.c,218 :: 		for(count=3;count>0;count--){
0x03D4	0x3003      	MOVLW      3
0x03D5	0x00A2      	MOVWF      _count
L_main178:
0x03D6	0x3080      	MOVLW      128
0x03D7	0x3A00      	XORLW      0
0x03D8	0x00F0      	MOVWF      R0
0x03D9	0x3080      	MOVLW      128
0x03DA	0x0622      	XORWF      _count, 0
0x03DB	0x0270      	SUBWF      R0, 0
0x03DC	0x1803      	BTFSC      STATUS, 0
0x03DD	0x2BF9      	GOTO       L_main179
;traffic.c,219 :: 		if(portb.B3==1){ traffic(0,0,0); break;}
0x03DE	0x1D86      	BTFSS      PORTB, 3
0x03DF	0x2BE5      	GOTO       L_main181
0x03E0	0x01B0      	CLRF       FARG_traffic_count
0x03E1	0x01B1      	CLRF       FARG_traffic_c1
0x03E2	0x01B2      	CLRF       FARG_traffic_c2
0x03E3	0x208B      	CALL       _traffic
0x03E4	0x2BF9      	GOTO       L_main179
L_main181:
;traffic.c,220 :: 		for(i=0;i<100;i++){
0x03E5	0x01AD      	CLRF       _i
L_main182:
0x03E6	0x3080      	MOVLW      128
0x03E7	0x062D      	XORWF      _i, 0
0x03E8	0x00F0      	MOVWF      R0
0x03E9	0x3080      	MOVLW      128
0x03EA	0x3A64      	XORLW      100
0x03EB	0x0270      	SUBWF      R0, 0
0x03EC	0x1803      	BTFSC      STATUS, 0
0x03ED	0x2BF7      	GOTO       L_main183
;traffic.c,221 :: 		traffic( count,2,1); }
0x03EE	0x0822      	MOVF       _count, 0
0x03EF	0x00B0      	MOVWF      FARG_traffic_count
0x03F0	0x3002      	MOVLW      2
0x03F1	0x00B1      	MOVWF      FARG_traffic_c1
0x03F2	0x3001      	MOVLW      1
0x03F3	0x00B2      	MOVWF      FARG_traffic_c2
0x03F4	0x208B      	CALL       _traffic
;traffic.c,220 :: 		for(i=0;i<100;i++){
0x03F5	0x0AAD      	INCF       _i, 1
;traffic.c,221 :: 		traffic( count,2,1); }
0x03F6	0x2BE6      	GOTO       L_main182
L_main183:
;traffic.c,218 :: 		for(count=3;count>0;count--){
0x03F7	0x03A2      	DECF       _count, 1
;traffic.c,223 :: 		}
0x03F8	0x2BD6      	GOTO       L_main178
L_main179:
;traffic.c,224 :: 		counter_flag=0;
0x03F9	0x01A1      	CLRF       _counter_flag
;traffic.c,225 :: 		}
L_main177:
L_main176:
L_main171:
L_main162:
;traffic.c,226 :: 		}
L_main157:
;traffic.c,229 :: 		}}
L_main41:
0x03FA	0x28E9      	GOTO       L_main16
;traffic.c,231 :: 		}
L_end_main:
0x03FB	0x2BFB      	GOTO       $+0
; end of _main
Symbol List:
//** Routines locations **
//ADDRESS    SIZE    PROCEDURE
//----------------------------------------------
0x0004      [29]    _interrupt
0x0021      [41]    _color_south
0x004A       [7]    _____DoICP
0x0051      [17]    _Div_8X8_U
0x0062      [41]    _color_west
0x008B      [57]    _traffic
0x00C4      [12]    ___CC2DW
0x00D0     [812]    _main
//** Variables locations ** 
//ADDRESS    SIZE    VARIABLE
//----------------------------------------------
0x0000       [1]    INDF
0x0002       [1]    PCL
0x0003       [1]    STATUS
0x0004       [1]    FSR
0x0005       [1]    PORTA
0x0006       [1]    PORTB
0x0007       [1]    PORTC
0x0008       [1]    PORTD
0x000A       [1]    PCLATH
0x000B       [0]    GIE_bit
0x000B       [0]    INTF_bit
0x000B       [0]    INTE_bit
0x0021       [1]    _counter_flag
0x0022       [1]    _count
0x0023       [1]    _flag
0x0024       [1]    _left
0x0025       [2]    ___DoICPAddr
0x0027       [1]    _west_red
0x0028       [1]    _right
0x0029       [1]    _count_saver
0x002A       [1]    _south_color
0x002B       [1]    _west_color
0x002C       [1]    _south_red
0x002D       [1]    _i
0x002E       [1]    ___savePCLATH
0x002F       [1]    ___saveSTATUS
0x0030       [1]    FARG_traffic_count
0x0031       [1]    FARG_traffic_c1
0x0032       [1]    FARG_traffic_c2
0x0033       [1]    FARG_color_south_c
0x0033       [1]    FARG_color_west_c
0x0070       [1]    R0
0x0071       [1]    R1
0x0072       [1]    R2
0x0073       [1]    R3
0x0074       [1]    R4
0x0075       [1]    R5
0x0076       [1]    R6
0x0077       [1]    R7
0x0078       [1]    R8
0x0079       [1]    R9
0x007A       [1]    R10
0x007B       [1]    R11
0x007C       [1]    R12
0x007D       [1]    R13
0x007E       [1]    R14
0x007F       [1]    R15
0x0081       [0]    INTEDG_bit
0x0081       [0]    NOT_RBPU_bit
0x0085       [1]    TRISA
0x0086       [1]    TRISB
0x0087       [1]    TRISC
0x0088       [1]    TRISD
0x009F       [1]    ADCON1
//** Label List: ** 
//----------------------------------------------
  L_color_west0
  L_color_west1
  L_color_west2
  L_color_west3
  L_color_west4
  L_color_west5
  L_color_south6
  L_color_south7
  L_color_south8
  L_color_south9
  L_color_south10
  L_color_south11
  L_traffic12
  L_traffic13
  L_interrupt14
  L_interrupt15
  L_main16
  L_main17
  L_main18
  L_main19
  L_main20
  L_main21
  L_main22
  L_main23
  L_main24
  L_main25
  L_main26
  L_main27
  L_main28
  L_main29
  L_main30
  L_main31
  L_main32
  L_main33
  L_main34
  L_main35
  L_main36
  L_main37
  L_main38
  L_main39
  L_main40
  L_main41
  L_main42
  L_main43
  L_main44
  L_main45
  L_main46
  L_main47
  L_main48
  L_main49
  L_main50
  L_main51
  L_main52
  L_main53
  L_main54
  L_main55
  L_main56
  L_main57
  L_main58
  L_main59
  L_main60
  L_main61
  L_main62
  L_main63
  L_main64
  L_main65
  L_main66
  L_main67
  L_main68
  L_main69
  L_main70
  L_main71
  L_main72
  L_main73
  L_main74
  L_main75
  L_main76
  L_main77
  L_main78
  L_main79
  L_main80
  L_main81
  L_main82
  L_main83
  L_main84
  L_main85
  L_main86
  L_main87
  L_main88
  L_main89
  L_main90
  L_main91
  L_main92
  L_main93
  L_main94
  L_main95
  L_main96
  L_main97
  L_main98
  L_main99
  L_main100
  L_main101
  L_main102
  L_main103
  L_main104
  L_main105
  L_main106
  L_main107
  L_main108
  L_main109
  L_main110
  L_main111
  L_main112
  L_main113
  L_main114
  L_main115
  L_main116
  L_main117
  L_main118
  L_main119
  L_main120
  L_main121
  L_main122
  L_main123
  L_main124
  L_main125
  L_main126
  L_main127
  L_main128
  L_main129
  L_main130
  L_main131
  L_main132
  L_main133
  L_main134
  L_main135
  L_main136
  L_main137
  L_main138
  L_main139
  L_main140
  L_main141
  L_main142
  L_main143
  L_main144
  L_main145
  L_main146
  L_main147
  L_main148
  L_main149
  L_main150
  L_main151
  L_main152
  L_main153
  L_main154
  L_main155
  L_main156
  L_main157
  L_main158
  L_main159
  L_main160
  L_main161
  L_main162
  L_main163
  L_main164
  L_main165
  L_main166
  L_main167
  L_main168
  L_main169
  L_main170
  L_main171
  L_main172
  L_main173
  L_main174
  L_main175
  L_main176
  L_main177
  L_main178
  L_main179
  L_main180
  L_main181
  L_main182
  L_main183
  L_main184
  L_end_color_west
  _color_west
  L_end_color_south
  _color_south
  L_end_traffic
  _traffic
  L_end_interrupt
  _interrupt
  L__interrupt189
  L_end_main
  _main
  L_Div_16x16_S0
  L_Div_16x16_S1
  LOOPS3232A
  SADD22LA
  SOK22LA
  SADD22L8
  SOK22L8
  LOOPS3232B
  SADD22LB
  SOK22LB
  SADD22L16
  SOK22L16
  LOOPS3232C
  SADD22LC
  SOK22LC
  SADD22L24
  SOK22L24
  LOOPS3232D
  SADD22LD
  SOK22LD
  SOK22L
  L_Div_32x32_S6
  L_Div_32x32_S7
  L_Div_32x32_S8
  L_Div_32x32_S9
  FXD3232S
  END_ALL
  CA3232S
  C3232SX
  C3232SX1
  C3232S
  C3232S2
  C3232SX4
  C3232SOK
  C3232SX3
  C3232SX2
  avoid_comfrem
  LOOPU3232A
  UADD22LA
  UOK22LA
  UADD22L8
  UOK22L8
  LOOPU3232B
  UADD22LB
  UOK22LB
  UADD22L16
  UOK22L16
  LOOPU3232C
  UADD22LC
  UOK22LC
  UADD22L24
  UOK22L24
  LOOPU3232D
  UADD22LD
  UOK22LD
  UOK22L
  _NEXT
  _EXIT2
  _LOOP
  _EXIT1
  _IF_FIRST
  _IF_SECOND
  _INVERCE_FIRST
  _MULT
  _INBERSE_SECOND
  _EXIT
  L_end_Mul_8X8_U
  _Mul_8X8_U
  L_end_Mul_16X16_U
  _Mul_16X16_U
  L_end_Div_8X8_U
  _Div_8X8_U
  L_end_Div_16X16_U
  _Div_16X16_U
  L_end_Mul_8X8_S
  _Mul_8X8_S
  L_end_Mul_16X16_S
  _Mul_16X16_S
  L_end_Div_16x16_S_L
  _Div_16x16_S_L
  L_end_Div_16x16_S
  _Div_16x16_S
  L_end_Div_8X8_S
  _Div_8X8_S
  L_end_SDIV3232L
  _SDIV3232L
  L_end_COMFREM
  _COMFREM
  L_end_Div_32x32_S
  _Div_32x32_S
  L_end_Div_32x32_U
  _Div_32x32_U
  L_end_Mul_32x32_U
  _Mul_32x32_U
  L_end_Mul_32x32_S
  _Mul_32x32_S
  L_loopCA2AWs
  L_CA2AWend
  _CCA2AW_Loop1
  L_loopCS2Ss
  L_CS2Send
  _CCS2S_Loop1
  L_CCS2Send
  L_loopFZinSWs
  L_FZinSend
  _CC2D_Loop1
  L_end_____DoICP
  _____DoICP
  L_end_____DoIFC
  _____DoIFC
  L_end___CA2AW
  ___CA2AW
  L_end___CCA2AW
  ___CCA2AW
  L_end___CS2S
  ___CS2S
  L_end___CCS2S
  ___CCS2S
  L_end___FZinS
  ___FZinS
  L_end___CC2DW
  ___CC2DW
  L_end_Swap
  _Swap
  L_color_west0
  L_color_west1
  L_color_west2
  L_color_west3
  L_color_west4
  L_color_west5
  L_color_south6
  L_color_south7
  L_color_south8
  L_color_south9
  L_color_south10
  L_color_south11
  L_traffic12
  L_traffic13
  L_interrupt14
  L_interrupt15
  L_main16
  L_main17
  L_main18
  L_main19
  L_main20
  L_main21
  L_main22
  L_main23
  L_main24
  L_main25
  L_main26
  L_main27
  L_main28
  L_main29
  L_main30
  L_main31
  L_main32
  L_main33
  L_main34
  L_main35
  L_main36
  L_main37
  L_main38
  L_main39
  L_main40
  L_main41
  L_main42
  L_main43
  L_main44
  L_main45
  L_main46
  L_main47
  L_main48
  L_main49
  L_main50
  L_main51
  L_main52
  L_main53
  L_main54
  L_main55
  L_main56
  L_main57
  L_main58
  L_main59
  L_main60
  L_main61
  L_main62
  L_main63
  L_main64
  L_main65
  L_main66
  L_main67
  L_main68
  L_main69
  L_main70
  L_main71
  L_main72
  L_main73
  L_main74
  L_main75
  L_main76
  L_main77
  L_main78
  L_main79
  L_main80
  L_main81
  L_main82
  L_main83
  L_main84
  L_main85
  L_main86
  L_main87
  L_main88
  L_main89
  L_main90
  L_main91
  L_main92
  L_main93
  L_main94
  L_main95
  L_main96
  L_main97
  L_main98
  L_main99
  L_main100
  L_main101
  L_main102
  L_main103
  L_main104
  L_main105
  L_main106
  L_main107
  L_main108
  L_main109
  L_main110
  L_main111
  L_main112
  L_main113
  L_main114
  L_main115
  L_main116
  L_main117
  L_main118
  L_main119
  L_main120
  L_main121
  L_main122
  L_main123
  L_main124
  L_main125
  L_main126
  L_main127
  L_main128
  L_main129
  L_main130
  L_main131
  L_main132
  L_main133
  L_main134
  L_main135
  L_main136
  L_main137
  L_main138
  L_main139
  L_main140
  L_main141
  L_main142
  L_main143
  L_main144
  L_main145
  L_main146
  L_main147
  L_main148
  L_main149
  L_main150
  L_main151
  L_main152
  L_main153
  L_main154
  L_main155
  L_main156
  L_main157
  L_main158
  L_main159
  L_main160
  L_main161
  L_main162
  L_main163
  L_main164
  L_main165
  L_main166
  L_main167
  L_main168
  L_main169
  L_main170
  L_main171
  L_main172
  L_main173
  L_main174
  L_main175
  L_main176
  L_main177
  L_main178
  L_main179
  L_main180
  L_main181
  L_main182
  L_main183
  L_main184
  L_end_color_west
  _color_west
  L_end_color_south
  _color_south
  L_end_traffic
  _traffic
  L_end_interrupt
  _interrupt
  L__interrupt189
  L_end_main
  _main
